Phase 0 time 1
Class 0:
Minimum packet latency = 1.79769e+308
Average packet latency = -nan
Maximum packet latency = 2.22507e-308
Minimum network latency = 1.79769e+308
Average network latency = -nan
Maximum network latency = 2.22507e-308
Slowest packet = -1
Minimum flit latency = 1.79769e+308
Average flit latency = -nan
Maximum flit latency = 2.22507e-308
Slowest flit = -1
Minimum fragmentation = 1.79769e+308
Average fragmentation = -nan
Maximum fragmentation = 2.22507e-308
Minimum injected packet rate = 0 (at node 0)
Average injected packet rate = 0
Maximum injected packet rate = 0 (at node 0)
Minimum accepted packet rate = 0 (at node 0)
Average accepted packet rate = 0
Maximum accepted packet rate = 0 (at node 0)
Minimum injected flit rate = 0 (at node 0)
Average injected flit rate = 0
Maximum injected flit rate = 0 (at node 0)
Minimum accepted flit rate = 0 (at node 0)
Average accepted flit rate = 0
Maximum accepted flit rate = 0 (at node 0)
Average injected packet length = -nan
Average accepted packet length = -nan
Total in-flight flits = 0 (0 measured)
latency change    = nan
throughput change = nan

Phase 1 time 1000001
Class 0:
Minimum packet latency = 8
Average packet latency = 10.9884
Maximum packet latency = 19
Minimum network latency = 8
Average network latency = 10.9884
Maximum network latency = 19
Slowest packet = 29
Minimum flit latency = 8
Average flit latency = 9.00261
Maximum flit latency = 15
Slowest flit = 86
Minimum fragmentation = 0
Average fragmentation = 0.00581058
Maximum fragmentation = 5
Minimum injected packet rate = 0.000550999 (at node 3)
Average injected packet rate = 0.000860499
Maximum injected packet rate = 0.001721 (at node 0)
Minimum accepted packet rate = 0.000550999 (at node 3)
Average accepted packet rate = 0.000860499
Maximum accepted packet rate = 0.001721 (at node 0)
Minimum injected flit rate = 0.002015 (at node 3)
Average injected flit rate = 0.0025815
Maximum injected flit rate = 0.004073 (at node 0)
Minimum accepted flit rate = 0.001291 (at node 3)
Average accepted flit rate = 0.0025815
Maximum accepted flit rate = 0.00625299 (at node 0)
Average injected packet length = 3
Average accepted packet length = 3
Total in-flight flits = 0 (0 measured)
latency change    = nan
throughput change = 1

Phase 2 time 2000001
Class 0:
Minimum packet latency = 8
Average packet latency = 10.9987
Maximum packet latency = 19
Minimum network latency = 8
Average network latency = 10.9987
Maximum network latency = 19
Slowest packet = 29
Minimum flit latency = 8
Average flit latency = 9.00657
Maximum flit latency = 15
Slowest flit = 86
Minimum fragmentation = 0
Average fragmentation = 0.0032041
Maximum fragmentation = 5
Minimum injected packet rate = 0.0005115 (at node 3)
Average injected packet rate = 0.00078025
Maximum injected packet rate = 0.0015605 (at node 0)
Minimum accepted packet rate = 0.0005115 (at node 3)
Average accepted packet rate = 0.00078025
Maximum accepted packet rate = 0.0015605 (at node 0)
Minimum injected flit rate = 0.0017575 (at node 3)
Average injected flit rate = 0.00234075
Maximum injected flit rate = 0.0040145 (at node 0)
Minimum accepted flit rate = 0.0013115 (at node 3)
Average accepted flit rate = 0.00234075
Maximum accepted flit rate = 0.0053485 (at node 0)
Average injected packet length = 3
Average accepted packet length = 3
Total in-flight flits = 0 (0 measured)
latency change    = 0.000940065
throughput change = 0.102851

Phase 3 time 3000001
Class 0:
Minimum packet latency = 8
Average packet latency = 11.0011
Maximum packet latency = 19
Minimum network latency = 8
Average network latency = 11.0011
Maximum network latency = 19
Slowest packet = 29
Minimum flit latency = 8
Average flit latency = 9.00638
Maximum flit latency = 15
Slowest flit = 86
Minimum fragmentation = 0
Average fragmentation = 0.00216263
Maximum fragmentation = 5
Minimum injected packet rate = 0.000509 (at node 3)
Average injected packet rate = 0.000770666
Maximum injected packet rate = 0.00154133 (at node 0)
Minimum accepted packet rate = 0.000509 (at node 3)
Average accepted packet rate = 0.000770666
Maximum accepted packet rate = 0.00154133 (at node 0)
Minimum injected flit rate = 0.001681 (at node 3)
Average injected flit rate = 0.002312
Maximum injected flit rate = 0.004164 (at node 0)
Minimum accepted flit rate = 0.001373 (at node 3)
Average accepted flit rate = 0.002312
Maximum accepted flit rate = 0.005084 (at node 0)
Average injected packet length = 3
Average accepted packet length = 3
Total in-flight flits = 0 (0 measured)
latency change    = 0.000214793
throughput change = 0.012435

Phase 4 time 4000001
Class 0:
Minimum packet latency = 8
Average packet latency = 10.9989
Maximum packet latency = 19
Minimum network latency = 8
Average network latency = 10.9989
Maximum network latency = 19
Slowest packet = 29
Minimum flit latency = 8
Average flit latency = 9.00285
Maximum flit latency = 15
Slowest flit = 86
Minimum fragmentation = 0
Average fragmentation = 0.00163132
Maximum fragmentation = 5
Minimum injected packet rate = 0.00050625 (at node 3)
Average injected packet rate = 0.00076625
Maximum injected packet rate = 0.0015325 (at node 0)
Minimum accepted packet rate = 0.00050625 (at node 3)
Average accepted packet rate = 0.00076625
Maximum accepted packet rate = 0.0015325 (at node 0)
Minimum injected flit rate = 0.00163425 (at node 3)
Average injected flit rate = 0.00229875
Maximum injected flit rate = 0.0042525 (at node 0)
Minimum accepted flit rate = 0.00140325 (at node 3)
Average accepted flit rate = 0.00229875
Maximum accepted flit rate = 0.0049425 (at node 0)
Average injected packet length = 3
Average accepted packet length = 3
Total in-flight flits = 0 (0 measured)
latency change    = 0.000202134
throughput change = 0.00576392

Phase 5 time 5000001
Class 0:
Minimum packet latency = 8
Average packet latency = 10.9962
Maximum packet latency = 19
Minimum network latency = 8
Average network latency = 10.9962
Maximum network latency = 19
Slowest packet = 29
Minimum flit latency = 8
Average flit latency = 8.99941
Maximum flit latency = 15
Slowest flit = 86
Minimum fragmentation = 0
Average fragmentation = 0.0013089
Maximum fragmentation = 5
Minimum injected packet rate = 0.0005042 (at node 3)
Average injected packet rate = 0.000764
Maximum injected packet rate = 0.001528 (at node 0)
Minimum accepted packet rate = 0.0005042 (at node 3)
Average accepted packet rate = 0.000764
Maximum accepted packet rate = 0.001528 (at node 0)
Minimum injected flit rate = 0.001605 (at node 3)
Average injected flit rate = 0.002292
Maximum injected flit rate = 0.004308 (at node 0)
Minimum accepted flit rate = 0.0014202 (at node 3)
Average accepted flit rate = 0.002292
Maximum accepted flit rate = 0.00486 (at node 0)
Average injected packet length = 3
Average accepted packet length = 3
Total in-flight flits = 0 (0 measured)
latency change    = 0.000241346
throughput change = 0.00294498

Phase 6 time 6000001
Class 0:
Minimum packet latency = 8
Average packet latency = 10.999
Maximum packet latency = 19
Minimum network latency = 8
Average network latency = 10.999
Maximum network latency = 19
Slowest packet = 29
Minimum flit latency = 8
Average flit latency = 9.00169
Maximum flit latency = 15
Slowest flit = 86
Minimum fragmentation = 0
Average fragmentation = 0.00109146
Maximum fragmentation = 5
Minimum injected packet rate = 0.000505833 (at node 3)
Average injected packet rate = 0.0007635
Maximum injected packet rate = 0.001527 (at node 0)
Minimum accepted packet rate = 0.000505833 (at node 3)
Average accepted packet rate = 0.0007635
Maximum accepted packet rate = 0.001527 (at node 0)
Minimum injected flit rate = 0.0015945 (at node 3)
Average injected flit rate = 0.0022905
Maximum injected flit rate = 0.004351 (at node 0)
Minimum accepted flit rate = 0.0014405 (at node 3)
Average accepted flit rate = 0.0022905
Maximum accepted flit rate = 0.004811 (at node 0)
Average injected packet length = 3
Average accepted packet length = 3
Total in-flight flits = 0 (0 measured)
latency change    = 0.000255795
throughput change = 0.000654845

Phase 7 time 7000001
Class 0:
Minimum packet latency = 8
Average packet latency = 11.0001
Maximum packet latency = 19
Minimum network latency = 8
Average network latency = 11.0001
Maximum network latency = 19
Slowest packet = 29
Minimum flit latency = 8
Average flit latency = 9.00239
Maximum flit latency = 15
Slowest flit = 86
Minimum fragmentation = 0
Average fragmentation = 0.000935629
Maximum fragmentation = 5
Minimum injected packet rate = 0.000506714 (at node 3)
Average injected packet rate = 0.000763428
Maximum injected packet rate = 0.00152686 (at node 0)
Minimum accepted packet rate = 0.000506714 (at node 3)
Average accepted packet rate = 0.000763428
Maximum accepted packet rate = 0.00152686 (at node 0)
Minimum injected flit rate = 0.00158614 (at node 3)
Average injected flit rate = 0.00229029
Maximum injected flit rate = 0.00438343 (at node 0)
Minimum accepted flit rate = 0.00145414 (at node 3)
Average accepted flit rate = 0.00229029
Maximum accepted flit rate = 0.00477771 (at node 0)
Average injected packet length = 3
Average accepted packet length = 3
Total in-flight flits = 0 (0 measured)
latency change    = 9.78065e-05
throughput change = 9.35391e-05

Phase 8 time 8000001
Class 0:
Minimum packet latency = 8
Average packet latency = 10.9991
Maximum packet latency = 19
Minimum network latency = 8
Average network latency = 10.9991
Maximum network latency = 19
Slowest packet = 29
Minimum flit latency = 8
Average flit latency = 9.00111
Maximum flit latency = 15
Slowest flit = 86
Minimum fragmentation = 0
Average fragmentation = 0.000820075
Maximum fragmentation = 5
Minimum injected packet rate = 0.000505625 (at node 3)
Average injected packet rate = 0.000762125
Maximum injected packet rate = 0.00152425 (at node 0)
Minimum accepted packet rate = 0.000505625 (at node 3)
Average accepted packet rate = 0.000762125
Maximum accepted packet rate = 0.00152425 (at node 0)
Minimum injected flit rate = 0.00157462 (at node 3)
Average injected flit rate = 0.00228637
Maximum injected flit rate = 0.00440025 (at node 0)
Minimum accepted flit rate = 0.00145912 (at node 3)
Average accepted flit rate = 0.00228637
Maximum accepted flit rate = 0.00474525 (at node 0)
Average injected packet length = 3
Average accepted packet length = 3
Total in-flight flits = 0 (0 measured)
latency change    = 9.05207e-05
throughput change = 0.00171043

Phase 9 time 9000001
Class 0:
Minimum packet latency = 8
Average packet latency = 10.9979
Maximum packet latency = 19
Minimum network latency = 8
Average network latency = 10.9979
Maximum network latency = 19
Slowest packet = 29
Minimum flit latency = 8
Average flit latency = 8.99933
Maximum flit latency = 15
Slowest flit = 86
Minimum fragmentation = 0
Average fragmentation = 0.000578402
Maximum fragmentation = 5
Minimum injected packet rate = 0.000637222 (at node 3)
Average injected packet rate = 0.0009605
Maximum injected packet rate = 0.001921 (at node 0)
Minimum accepted packet rate = 0.000637222 (at node 3)
Average accepted packet rate = 0.0009605
Maximum accepted packet rate = 0.001921 (at node 0)
Minimum injected flit rate = 0.001963 (at node 3)
Average injected flit rate = 0.0028815
Maximum injected flit rate = 0.00560944 (at node 0)
Minimum accepted flit rate = 0.00186033 (at node 3)
Average accepted flit rate = 0.0028815
Maximum accepted flit rate = 0.00591655 (at node 0)
Average injected packet length = 3
Average accepted packet length = 3
Total in-flight flits = 0 (0 measured)
latency change    = 0.000107308
throughput change = 0.206533

Phase 10 time 10000001
Class 0:
Minimum packet latency = 8
Average packet latency = 10.9982
Maximum packet latency = 19
Minimum network latency = 8
Average network latency = 10.9982
Maximum network latency = 19
Slowest packet = 29
Minimum flit latency = 8
Average flit latency = 8.99926
Maximum flit latency = 15
Slowest flit = 86
Minimum fragmentation = 0
Average fragmentation = 0.000423711
Maximum fragmentation = 5
Minimum injected packet rate = 0.0007837 (at node 3)
Average injected packet rate = 0.00118005
Maximum injected packet rate = 0.0023601 (at node 0)
Minimum accepted packet rate = 0.0007837 (at node 3)
Average accepted packet rate = 0.00118005
Maximum accepted packet rate = 0.0023601 (at node 0)
Minimum injected flit rate = 0.0023973 (at node 3)
Average injected flit rate = 0.00354015
Maximum injected flit rate = 0.0069421 (at node 0)
Minimum accepted flit rate = 0.0023049 (at node 3)
Average accepted flit rate = 0.00354015
Maximum accepted flit rate = 0.0072185 (at node 0)
Average injected packet length = 3
Average accepted packet length = 3
Total in-flight flits = 0 (0 measured)
latency change    = 2.75193e-05
throughput change = 0.186051

Phase 11 time 11000001
Class 0:
Minimum packet latency = 8
Average packet latency = 11.0007
Maximum packet latency = 19
Minimum network latency = 8
Average network latency = 11.0007
Maximum network latency = 19
Slowest packet = 29
Minimum flit latency = 8
Average flit latency = 9.00156
Maximum flit latency = 15
Slowest flit = 86
Minimum fragmentation = 0
Average fragmentation = 0.000365263
Maximum fragmentation = 5
Minimum injected packet rate = 0.000827 (at node 2)
Average injected packet rate = 0.00124445
Maximum injected packet rate = 0.00248891 (at node 0)
Minimum accepted packet rate = 0.000827 (at node 2)
Average accepted packet rate = 0.00124443
Maximum accepted packet rate = 0.00248882 (at node 0)
Minimum injected flit rate = 0.00252482 (at node 2)
Average injected flit rate = 0.00373336
Maximum injected flit rate = 0.00733582 (at node 0)
Minimum accepted flit rate = 0.00243718 (at node 2)
Average accepted flit rate = 0.00373334
Maximum accepted flit rate = 0.00759754 (at node 0)
Average injected packet length = 3
Average accepted packet length = 3.00004
Total in-flight flits = 1 (1 measured)
latency change    = 0.000221538
throughput change = 0.0517475

Phase 12 time 12000001
Class 0:
Minimum packet latency = 8
Average packet latency = 11.0011
Maximum packet latency = 19
Minimum network latency = 8
Average network latency = 11.0011
Maximum network latency = 19
Slowest packet = 29
Minimum flit latency = 8
Average flit latency = 9.00186
Maximum flit latency = 15
Slowest flit = 86
Minimum fragmentation = 0
Average fragmentation = 0.000327461
Maximum fragmentation = 5
Minimum injected packet rate = 0.00084525 (at node 2)
Average injected packet rate = 0.00127242
Maximum injected packet rate = 0.00254483 (at node 0)
Minimum accepted packet rate = 0.00084525 (at node 2)
Average accepted packet rate = 0.00127242
Maximum accepted packet rate = 0.00254483 (at node 0)
Minimum injected flit rate = 0.00257592 (at node 2)
Average injected flit rate = 0.00381725
Maximum injected flit rate = 0.0075145 (at node 0)
Minimum accepted flit rate = 0.00249558 (at node 2)
Average accepted flit rate = 0.00381725
Maximum accepted flit rate = 0.0077545 (at node 0)
Average injected packet length = 3
Average accepted packet length = 3
Total in-flight flits = 0 (0 measured)
latency change    = 3.69758e-05
throughput change = 0.0219816

Phase 13 time 13000001
Class 0:
Minimum packet latency = 8
Average packet latency = 11.0006
Maximum packet latency = 19
Minimum network latency = 8
Average network latency = 11.0006
Maximum network latency = 19
Slowest packet = 29
Minimum flit latency = 8
Average flit latency = 9.00132
Maximum flit latency = 15
Slowest flit = 86
Minimum fragmentation = 0
Average fragmentation = 0.000296525
Maximum fragmentation = 5
Minimum injected packet rate = 0.000862692 (at node 2)
Average injected packet rate = 0.00129708
Maximum injected packet rate = 0.00259415 (at node 0)
Minimum accepted packet rate = 0.000862692 (at node 2)
Average accepted packet rate = 0.00129708
Maximum accepted packet rate = 0.00259415 (at node 0)
Minimum injected flit rate = 0.00262515 (at node 2)
Average injected flit rate = 0.00389123
Maximum injected flit rate = 0.00767169 (at node 0)
Minimum accepted flit rate = 0.002551 (at node 2)
Average accepted flit rate = 0.00389123
Maximum accepted flit rate = 0.00789323 (at node 0)
Average injected packet length = 3
Average accepted packet length = 3
Total in-flight flits = 0 (0 measured)
latency change    = 4.14861e-05
throughput change = 0.0190122

Phase 14 time 14000001
Class 0:
Minimum packet latency = 8
Average packet latency = 11.0007
Maximum packet latency = 19
Minimum network latency = 8
Average network latency = 11.0007
Maximum network latency = 19
Slowest packet = 29
Minimum flit latency = 8
Average flit latency = 9.00131
Maximum flit latency = 15
Slowest flit = 86
Minimum fragmentation = 0
Average fragmentation = 0.000270959
Maximum fragmentation = 5
Minimum injected packet rate = 0.000876357 (at node 2)
Average injected packet rate = 0.00131811
Maximum injected packet rate = 0.00263629 (at node 0)
Minimum accepted packet rate = 0.000876357 (at node 2)
Average accepted packet rate = 0.00131807
Maximum accepted packet rate = 0.00263614 (at node 0)
Minimum injected flit rate = 0.0026635 (at node 2)
Average injected flit rate = 0.00395434
Maximum injected flit rate = 0.00780607 (at node 0)
Minimum accepted flit rate = 0.00259471 (at node 2)
Average accepted flit rate = 0.00395423
Maximum accepted flit rate = 0.00801129 (at node 0)
Average injected packet length = 3.00001
Average accepted packet length = 3.00001
Total in-flight flits = 9 (9 measured)
latency change    = 5.08815e-06
throughput change = 0.0159326

Phase 15 time 15000001
Class 0:
Minimum packet latency = 8
Average packet latency = 11.0009
Maximum packet latency = 19
Minimum network latency = 8
Average network latency = 11.0009
Maximum network latency = 19
Slowest packet = 29
Minimum flit latency = 8
Average flit latency = 9.00151
Maximum flit latency = 15
Slowest flit = 86
Minimum fragmentation = 0
Average fragmentation = 0.000249389
Maximum fragmentation = 5
Minimum injected packet rate = 0.0008886 (at node 2)
Average injected packet rate = 0.0013366
Maximum injected packet rate = 0.0026732 (at node 0)
Minimum accepted packet rate = 0.0008886 (at node 2)
Average accepted packet rate = 0.0013366
Maximum accepted packet rate = 0.0026732 (at node 0)
Minimum injected flit rate = 0.00269793 (at node 2)
Average injected flit rate = 0.0040098
Maximum injected flit rate = 0.0079236 (at node 0)
Minimum accepted flit rate = 0.00263367 (at node 2)
Average accepted flit rate = 0.0040098
Maximum accepted flit rate = 0.0081156 (at node 0)
Average injected packet length = 3
Average accepted packet length = 3
Total in-flight flits = 0 (0 measured)
latency change    = 2.24001e-05
throughput change = 0.013858

Phase 16 time 16000001
Class 0:
Minimum packet latency = 8
Average packet latency = 11.0004
Maximum packet latency = 19
Minimum network latency = 8
Average network latency = 11.0004
Maximum network latency = 19
Slowest packet = 29
Minimum flit latency = 8
Average flit latency = 9.00094
Maximum flit latency = 15
Slowest flit = 86
Minimum fragmentation = 0
Average fragmentation = 0.000231022
Maximum fragmentation = 5
Minimum injected packet rate = 0.000900187 (at node 2)
Average injected packet rate = 0.00135269
Maximum injected packet rate = 0.00270537 (at node 0)
Minimum accepted packet rate = 0.000900187 (at node 2)
Average accepted packet rate = 0.00135269
Maximum accepted packet rate = 0.00270537 (at node 0)
Minimum injected flit rate = 0.00273069 (at node 2)
Average injected flit rate = 0.00405806
Maximum injected flit rate = 0.00802612 (at node 0)
Minimum accepted flit rate = 0.00267044 (at node 2)
Average accepted flit rate = 0.00405806
Maximum accepted flit rate = 0.00820612 (at node 0)
Average injected packet length = 3
Average accepted packet length = 3
Total in-flight flits = 0 (0 measured)
latency change    = 4.80969e-05
throughput change = 0.011893

Phase 17 time 17000001
Class 0:
Minimum packet latency = 8
Average packet latency = 11.0008
Maximum packet latency = 19
Minimum network latency = 8
Average network latency = 11.0008
Maximum network latency = 19
Slowest packet = 29
Minimum flit latency = 8
Average flit latency = 9.00131
Maximum flit latency = 15
Slowest flit = 86
Minimum fragmentation = 0
Average fragmentation = 0.000215332
Maximum fragmentation = 5
Minimum injected packet rate = 0.000908412 (at node 2)
Average injected packet rate = 0.00136588
Maximum injected packet rate = 0.00273176 (at node 0)
Minimum accepted packet rate = 0.000908412 (at node 2)
Average accepted packet rate = 0.00136588
Maximum accepted packet rate = 0.00273176 (at node 0)
Minimum injected flit rate = 0.00275359 (at node 2)
Average injected flit rate = 0.00409765
Maximum injected flit rate = 0.00811059 (at node 0)
Minimum accepted flit rate = 0.00269688 (at node 2)
Average accepted flit rate = 0.00409765
Maximum accepted flit rate = 0.00828 (at node 0)
Average injected packet length = 3
Average accepted packet length = 3
Total in-flight flits = 0 (0 measured)
latency change    = 3.67951e-05
throughput change = 0.00966032

Phase 18 time 18000001
Class 0:
Minimum packet latency = 8
Average packet latency = 11.0006
Maximum packet latency = 19
Minimum network latency = 8
Average network latency = 11.0006
Maximum network latency = 19
Slowest packet = 29
Minimum flit latency = 8
Average flit latency = 9.00106
Maximum flit latency = 15
Slowest flit = 86
Minimum fragmentation = 0
Average fragmentation = 0.000201317
Maximum fragmentation = 5
Minimum injected packet rate = 0.000917667 (at node 2)
Average injected packet rate = 0.00137981
Maximum injected packet rate = 0.00275961 (at node 0)
Minimum accepted packet rate = 0.000917667 (at node 2)
Average accepted packet rate = 0.00137981
Maximum accepted packet rate = 0.00275961 (at node 0)
Minimum injected flit rate = 0.00277989 (at node 2)
Average injected flit rate = 0.00413942
Maximum injected flit rate = 0.0081985 (at node 0)
Minimum accepted flit rate = 0.00272611 (at node 2)
Average accepted flit rate = 0.00413942
Maximum accepted flit rate = 0.00835917 (at node 0)
Average injected packet length = 3
Average accepted packet length = 3
Total in-flight flits = 0 (0 measured)
latency change    = 1.92906e-05
throughput change = 0.0100907

Phase 19 time 19000001
Class 0:
Minimum packet latency = 8
Average packet latency = 11.0016
Maximum packet latency = 19
Minimum network latency = 8
Average network latency = 11.0016
Maximum network latency = 19
Slowest packet = 29
Minimum flit latency = 8
Average flit latency = 9.00207
Maximum flit latency = 15
Slowest flit = 86
Minimum fragmentation = 0
Average fragmentation = 0.000190465
Maximum fragmentation = 5
Minimum injected packet rate = 0.000916842 (at node 2)
Average injected packet rate = 0.00138166
Maximum injected packet rate = 0.00276332 (at node 0)
Minimum accepted packet rate = 0.000916842 (at node 2)
Average accepted packet rate = 0.00138166
Maximum accepted packet rate = 0.00276332 (at node 0)
Minimum injected flit rate = 0.002776 (at node 2)
Average injected flit rate = 0.00414497
Maximum injected flit rate = 0.00821384 (at node 0)
Minimum accepted flit rate = 0.00272505 (at node 2)
Average accepted flit rate = 0.00414497
Maximum accepted flit rate = 0.00836605 (at node 0)
Average injected packet length = 3
Average accepted packet length = 3
Total in-flight flits = 0 (0 measured)
latency change    = 9.41389e-05
throughput change = 0.00134067

Phase 20 time 20000001
Class 0:
Minimum packet latency = 8
Average packet latency = 11.0015
Maximum packet latency = 19
Minimum network latency = 8
Average network latency = 11.0015
Maximum network latency = 19
Slowest packet = 29
Minimum flit latency = 8
Average flit latency = 9.00195
Maximum flit latency = 15
Slowest flit = 86
Minimum fragmentation = 0
Average fragmentation = 0.000179453
Maximum fragmentation = 5
Minimum injected packet rate = 0.0009247 (at node 2)
Average injected packet rate = 0.00139312
Maximum injected packet rate = 0.00278625 (at node 0)
Minimum accepted packet rate = 0.0009247 (at node 2)
Average accepted packet rate = 0.00139312
Maximum accepted packet rate = 0.00278625 (at node 0)
Minimum injected flit rate = 0.0027983 (at node 2)
Average injected flit rate = 0.00417937
Maximum injected flit rate = 0.00828645 (at node 0)
Minimum accepted flit rate = 0.0027499 (at node 2)
Average accepted flit rate = 0.00417937
Maximum accepted flit rate = 0.00843105 (at node 0)
Average injected packet length = 3
Average accepted packet length = 3
Total in-flight flits = 0 (0 measured)
latency change    = 8.45854e-06
throughput change = 0.00823121

Phase 21 time 21000001
Class 0:
Minimum packet latency = 8
Average packet latency = 11.0012
Maximum packet latency = 19
Minimum network latency = 8
Average network latency = 11.0012
Maximum network latency = 19
Slowest packet = 29
Minimum flit latency = 8
Average flit latency = 9.00157
Maximum flit latency = 15
Slowest flit = 86
Minimum fragmentation = 0
Average fragmentation = 0.000169736
Maximum fragmentation = 5
Minimum injected packet rate = 0.000931809 (at node 2)
Average injected packet rate = 0.00140274
Maximum injected packet rate = 0.00280548 (at node 0)
Minimum accepted packet rate = 0.000931809 (at node 2)
Average accepted packet rate = 0.00140274
Maximum accepted packet rate = 0.00280548 (at node 0)
Minimum injected flit rate = 0.00281848 (at node 2)
Average injected flit rate = 0.00420821
Maximum injected flit rate = 0.00834757 (at node 0)
Minimum accepted flit rate = 0.00277238 (at node 2)
Average accepted flit rate = 0.00420821
Maximum accepted flit rate = 0.00848529 (at node 0)
Average injected packet length = 3
Average accepted packet length = 3
Total in-flight flits = 0 (0 measured)
latency change    = 3.21496e-05
throughput change = 0.0068531

Phase 22 time 22000001
Class 0:
Minimum packet latency = 8
Average packet latency = 11.0014
Maximum packet latency = 19
Minimum network latency = 8
Average network latency = 11.0014
Maximum network latency = 19
Slowest packet = 29
Minimum flit latency = 8
Average flit latency = 9.00182
Maximum flit latency = 15
Slowest flit = 86
Minimum fragmentation = 0
Average fragmentation = 0.000161111
Maximum fragmentation = 5
Minimum injected packet rate = 0.000936818 (at node 2)
Average injected packet rate = 0.00141066
Maximum injected packet rate = 0.00282132 (at node 0)
Minimum accepted packet rate = 0.000936818 (at node 2)
Average accepted packet rate = 0.00141066
Maximum accepted packet rate = 0.00282132 (at node 0)
Minimum injected flit rate = 0.00283245 (at node 2)
Average injected flit rate = 0.00423198
Maximum injected flit rate = 0.00839823 (at node 0)
Minimum accepted flit rate = 0.00278845 (at node 2)
Average accepted flit rate = 0.00423198
Maximum accepted flit rate = 0.00852968 (at node 0)
Average injected packet length = 3
Average accepted packet length = 3
Total in-flight flits = 0 (0 measured)
latency change    = 2.39188e-05
throughput change = 0.0056151

Phase 23 time 23000001
Class 0:
Minimum packet latency = 8
Average packet latency = 11.0014
Maximum packet latency = 19
Minimum network latency = 8
Average network latency = 11.0014
Maximum network latency = 19
Slowest packet = 29
Minimum flit latency = 8
Average flit latency = 9.00179
Maximum flit latency = 15
Slowest flit = 86
Minimum fragmentation = 0
Average fragmentation = 0.000153071
Maximum fragmentation = 5
Minimum injected packet rate = 0.000943478 (at node 2)
Average injected packet rate = 0.0014202
Maximum injected packet rate = 0.00284039 (at node 0)
Minimum accepted packet rate = 0.000943478 (at node 2)
Average accepted packet rate = 0.0014202
Maximum accepted packet rate = 0.00284039 (at node 0)
Minimum injected flit rate = 0.00285148 (at node 2)
Average injected flit rate = 0.00426059
Maximum injected flit rate = 0.0084583 (at node 0)
Minimum accepted flit rate = 0.00280939 (at node 2)
Average accepted flit rate = 0.00426059
Maximum accepted flit rate = 0.00858404 (at node 0)
Average injected packet length = 3
Average accepted packet length = 3
Total in-flight flits = 0 (0 measured)
latency change    = 9.01911e-07
throughput change = 0.00671496

Phase 24 time 24000001
Class 0:
Minimum packet latency = 8
Average packet latency = 11.0013
Maximum packet latency = 19
Minimum network latency = 8
Average network latency = 11.0013
Maximum network latency = 19
Slowest packet = 29
Minimum flit latency = 8
Average flit latency = 9.00162
Maximum flit latency = 15
Slowest flit = 86
Minimum fragmentation = 0
Average fragmentation = 0.000145941
Maximum fragmentation = 5
Minimum injected packet rate = 0.000948917 (at node 2)
Average injected packet rate = 0.00142752
Maximum injected packet rate = 0.00285504 (at node 0)
Minimum accepted packet rate = 0.000948917 (at node 2)
Average accepted packet rate = 0.00142752
Maximum accepted packet rate = 0.00285504 (at node 0)
Minimum injected flit rate = 0.00286692 (at node 2)
Average injected flit rate = 0.00428256
Maximum injected flit rate = 0.00850487 (at node 0)
Minimum accepted flit rate = 0.00282658 (at node 2)
Average accepted flit rate = 0.00428256
Maximum accepted flit rate = 0.00862537 (at node 0)
Average injected packet length = 3
Average accepted packet length = 3
Total in-flight flits = 0 (0 measured)
latency change    = 1.39551e-05
throughput change = 0.0051314

Phase 25 time 25000001
Class 0:
Minimum packet latency = 8
Average packet latency = 11.0014
Maximum packet latency = 19
Minimum network latency = 8
Average network latency = 11.0014
Maximum network latency = 19
Slowest packet = 29
Minimum flit latency = 8
Average flit latency = 9.00174
Maximum flit latency = 15
Slowest flit = 86
Minimum fragmentation = 0
Average fragmentation = 0.000139619
Maximum fragmentation = 5
Minimum injected packet rate = 0.00095168 (at node 2)
Average injected packet rate = 0.00143248
Maximum injected packet rate = 0.00286496 (at node 0)
Minimum accepted packet rate = 0.00095168 (at node 2)
Average accepted packet rate = 0.00143247
Maximum accepted packet rate = 0.00286492 (at node 0)
Minimum injected flit rate = 0.0028744 (at node 2)
Average injected flit rate = 0.00429744
Maximum injected flit rate = 0.00853712 (at node 0)
Minimum accepted flit rate = 0.00283568 (at node 2)
Average accepted flit rate = 0.00429743
Maximum accepted flit rate = 0.0086526 (at node 0)
Average injected packet length = 3
Average accepted packet length = 3.00001
Total in-flight flits = 1 (1 measured)
latency change    = 1.27969e-05
throughput change = 0.00345963

Phase 26 time 26000001
Class 0:
Minimum packet latency = 8
Average packet latency = 11.002
Maximum packet latency = 19
Minimum network latency = 8
Average network latency = 11.002
Maximum network latency = 19
Slowest packet = 29
Minimum flit latency = 8
Average flit latency = 9.00232
Maximum flit latency = 15
Slowest flit = 86
Minimum fragmentation = 0
Average fragmentation = 0.000134253
Maximum fragmentation = 5
Minimum injected packet rate = 0.000950615 (at node 2)
Average injected packet rate = 0.00143243
Maximum injected packet rate = 0.00286488 (at node 0)
Minimum accepted packet rate = 0.000950615 (at node 2)
Average accepted packet rate = 0.00143243
Maximum accepted packet rate = 0.00286485 (at node 0)
Minimum injected flit rate = 0.00287046 (at node 2)
Average injected flit rate = 0.00429728
Maximum injected flit rate = 0.00853904 (at node 0)
Minimum accepted flit rate = 0.00283323 (at node 2)
Average accepted flit rate = 0.00429728
Maximum accepted flit rate = 0.00865008 (at node 0)
Average injected packet length = 2.99999
Average accepted packet length = 2.99999
Total in-flight flits = 0 (0 measured)
latency change    = 5.36702e-05
throughput change = 3.51728e-05

Phase 27 time 27000001
Class 0:
Minimum packet latency = 8
Average packet latency = 11.002
Maximum packet latency = 19
Minimum network latency = 8
Average network latency = 11.002
Maximum network latency = 19
Slowest packet = 29
Minimum flit latency = 8
Average flit latency = 9.0023
Maximum flit latency = 15
Slowest flit = 86
Minimum fragmentation = 0
Average fragmentation = 0.000128622
Maximum fragmentation = 5
Minimum injected packet rate = 0.000955852 (at node 2)
Average injected packet rate = 0.00143976
Maximum injected packet rate = 0.00287952 (at node 0)
Minimum accepted packet rate = 0.000955852 (at node 2)
Average accepted packet rate = 0.00143976
Maximum accepted packet rate = 0.00287952 (at node 0)
Minimum injected flit rate = 0.00288548 (at node 2)
Average injected flit rate = 0.00431928
Maximum injected flit rate = 0.008585 (at node 0)
Minimum accepted flit rate = 0.00284963 (at node 2)
Average accepted flit rate = 0.00431928
Maximum accepted flit rate = 0.00869211 (at node 0)
Average injected packet length = 3
Average accepted packet length = 3
Total in-flight flits = 0 (0 measured)
latency change    = 5.84887e-07
throughput change = 0.0050932

Phase 28 time 28000001
Class 0:
Minimum packet latency = 8
Average packet latency = 11.0022
Maximum packet latency = 19
Minimum network latency = 8
Average network latency = 11.0022
Maximum network latency = 19
Slowest packet = 29
Minimum flit latency = 8
Average flit latency = 9.00248
Maximum flit latency = 15
Slowest flit = 86
Minimum fragmentation = 0
Average fragmentation = 0.000123611
Maximum fragmentation = 5
Minimum injected packet rate = 0.000958786 (at node 2)
Average injected packet rate = 0.00144462
Maximum injected packet rate = 0.00288925 (at node 0)
Minimum accepted packet rate = 0.000958786 (at node 2)
Average accepted packet rate = 0.00144462
Maximum accepted packet rate = 0.00288925 (at node 0)
Minimum injected flit rate = 0.00289364 (at node 2)
Average injected flit rate = 0.00433387
Maximum injected flit rate = 0.00861611 (at node 0)
Minimum accepted flit rate = 0.00285907 (at node 2)
Average accepted flit rate = 0.00433387
Maximum accepted flit rate = 0.00871939 (at node 0)
Average injected packet length = 3
Average accepted packet length = 3
Total in-flight flits = 0 (0 measured)
latency change    = 1.76799e-05
throughput change = 0.00336817

Phase 29 time 29000001
Class 0:
Minimum packet latency = 8
Average packet latency = 11.002
Maximum packet latency = 19
Minimum network latency = 8
Average network latency = 11.002
Maximum network latency = 19
Slowest packet = 29
Minimum flit latency = 8
Average flit latency = 9.00231
Maximum flit latency = 15
Slowest flit = 86
Minimum fragmentation = 0
Average fragmentation = 0.000118859
Maximum fragmentation = 5
Minimum injected packet rate = 0.000963241 (at node 2)
Average injected packet rate = 0.00145057
Maximum injected packet rate = 0.00290114 (at node 0)
Minimum accepted packet rate = 0.000963241 (at node 2)
Average accepted packet rate = 0.00145057
Maximum accepted packet rate = 0.00290114 (at node 0)
Minimum injected flit rate = 0.00290641 (at node 2)
Average injected flit rate = 0.00435171
Maximum injected flit rate = 0.00865355 (at node 0)
Minimum accepted flit rate = 0.00287303 (at node 2)
Average accepted flit rate = 0.00435171
Maximum accepted flit rate = 0.00875328 (at node 0)
Average injected packet length = 3
Average accepted packet length = 3
Total in-flight flits = 0 (0 measured)
latency change    = 1.41046e-05
throughput change = 0.00409768

Phase 30 time 30000001
Class 0:
Minimum packet latency = 8
Average packet latency = 11.0022
Maximum packet latency = 19
Minimum network latency = 8
Average network latency = 11.0022
Maximum network latency = 19
Slowest packet = 29
Minimum flit latency = 8
Average flit latency = 9.00244
Maximum flit latency = 15
Slowest flit = 86
Minimum fragmentation = 0
Average fragmentation = 0.000114515
Maximum fragmentation = 5
Minimum injected packet rate = 0.0009664 (at node 2)
Average injected packet rate = 0.00145542
Maximum injected packet rate = 0.00291083 (at node 0)
Minimum accepted packet rate = 0.0009664 (at node 2)
Average accepted packet rate = 0.00145542
Maximum accepted packet rate = 0.00291083 (at node 0)
Minimum injected flit rate = 0.00291533 (at node 2)
Average injected flit rate = 0.00436625
Maximum injected flit rate = 0.0086843 (at node 0)
Minimum accepted flit rate = 0.00288307 (at node 2)
Average accepted flit rate = 0.00436625
Maximum accepted flit rate = 0.0087807 (at node 0)
Average injected packet length = 3
Average accepted packet length = 3
Total in-flight flits = 0 (0 measured)
latency change    = 1.20022e-05
throughput change = 0.0033308

Phase 31 time 31000001
Class 0:
Minimum packet latency = 8
Average packet latency = 11.0023
Maximum packet latency = 19
Minimum network latency = 8
Average network latency = 11.0023
Maximum network latency = 19
Slowest packet = 29
Minimum flit latency = 8
Average flit latency = 9.00256
Maximum flit latency = 15
Slowest flit = 86
Minimum fragmentation = 0
Average fragmentation = 0.000110763
Maximum fragmentation = 5
Minimum injected packet rate = 0.000966516 (at node 2)
Average injected packet rate = 0.00145618
Maximum injected packet rate = 0.00291235 (at node 0)
Minimum accepted packet rate = 0.000966516 (at node 2)
Average accepted packet rate = 0.00145618
Maximum accepted packet rate = 0.00291235 (at node 0)
Minimum injected flit rate = 0.00291516 (at node 2)
Average injected flit rate = 0.00436853
Maximum injected flit rate = 0.00869042 (at node 0)
Minimum accepted flit rate = 0.00288394 (at node 2)
Average accepted flit rate = 0.00436853
Maximum accepted flit rate = 0.00878371 (at node 0)
Average injected packet length = 3
Average accepted packet length = 3
Total in-flight flits = 0 (0 measured)
latency change    = 1.21963e-05
throughput change = 0.000522432

Phase 32 time 32000001
Class 0:
Minimum packet latency = 8
Average packet latency = 11.0028
Maximum packet latency = 19
Minimum network latency = 8
Average network latency = 11.0028
Maximum network latency = 19
Slowest packet = 29
Minimum flit latency = 8
Average flit latency = 9.00305
Maximum flit latency = 15
Slowest flit = 86
Minimum fragmentation = 0
Average fragmentation = 0.000107152
Maximum fragmentation = 5
Minimum injected packet rate = 0.000966875 (at node 2)
Average injected packet rate = 0.0014582
Maximum injected packet rate = 0.00291641 (at node 0)
Minimum accepted packet rate = 0.000966875 (at node 2)
Average accepted packet rate = 0.0014582
Maximum accepted packet rate = 0.00291641 (at node 0)
Minimum injected flit rate = 0.00291575 (at node 2)
Average injected flit rate = 0.00437461
Maximum injected flit rate = 0.00870403 (at node 0)
Minimum accepted flit rate = 0.0028855 (at node 2)
Average accepted flit rate = 0.00437461
Maximum accepted flit rate = 0.00879441 (at node 0)
Average injected packet length = 3
Average accepted packet length = 3
Total in-flight flits = 0 (0 measured)
latency change    = 4.57963e-05
throughput change = 0.00138918

Phase 33 time 33000001
Class 0:
Minimum packet latency = 8
Average packet latency = 11.0027
Maximum packet latency = 19
Minimum network latency = 8
Average network latency = 11.0027
Maximum network latency = 19
Slowest packet = 29
Minimum flit latency = 8
Average flit latency = 9.00295
Maximum flit latency = 15
Slowest flit = 86
Minimum fragmentation = 0
Average fragmentation = 0.000103551
Maximum fragmentation = 5
Minimum injected packet rate = 0.000970545 (at node 2)
Average injected packet rate = 0.0014632
Maximum injected packet rate = 0.00292639 (at node 0)
Minimum accepted packet rate = 0.000970545 (at node 2)
Average accepted packet rate = 0.0014632
Maximum accepted packet rate = 0.00292639 (at node 0)
Minimum injected flit rate = 0.0029263 (at node 2)
Average injected flit rate = 0.00438959
Maximum injected flit rate = 0.00873536 (at node 0)
Minimum accepted flit rate = 0.00289697 (at node 2)
Average accepted flit rate = 0.00438959
Maximum accepted flit rate = 0.008823 (at node 0)
Average injected packet length = 3
Average accepted packet length = 3
Total in-flight flits = 0 (0 measured)
latency change    = 8.54368e-06
throughput change = 0.00341297

Phase 34 time 34000001
Class 0:
Minimum packet latency = 8
Average packet latency = 11.0027
Maximum packet latency = 19
Minimum network latency = 8
Average network latency = 11.0027
Maximum network latency = 19
Slowest packet = 29
Minimum flit latency = 8
Average flit latency = 9.00298
Maximum flit latency = 15
Slowest flit = 86
Minimum fragmentation = 0
Average fragmentation = 0.00010028
Maximum fragmentation = 5
Minimum injected packet rate = 0.000972588 (at node 2)
Average injected packet rate = 0.00146649
Maximum injected packet rate = 0.00293297 (at node 0)
Minimum accepted packet rate = 0.000972588 (at node 2)
Average accepted packet rate = 0.00146649
Maximum accepted packet rate = 0.00293297 (at node 0)
Minimum injected flit rate = 0.002932 (at node 2)
Average injected flit rate = 0.00439946
Maximum injected flit rate = 0.00875638 (at node 0)
Minimum accepted flit rate = 0.00290353 (at node 2)
Average accepted flit rate = 0.00439946
Maximum accepted flit rate = 0.00884144 (at node 0)
Average injected packet length = 3
Average accepted packet length = 3
Total in-flight flits = 0 (0 measured)
latency change    = 3.17769e-06
throughput change = 0.00224232

Phase 35 time 35000001
Class 0:
Minimum packet latency = 8
Average packet latency = 11.0025
Maximum packet latency = 19
Minimum network latency = 8
Average network latency = 11.0025
Maximum network latency = 19
Slowest packet = 29
Minimum flit latency = 8
Average flit latency = 9.00273
Maximum flit latency = 15
Slowest flit = 86
Minimum fragmentation = 0
Average fragmentation = 9.71317e-05
Maximum fragmentation = 5
Minimum injected packet rate = 0.000975886 (at node 2)
Average injected packet rate = 0.00147076
Maximum injected packet rate = 0.00294151 (at node 0)
Minimum accepted packet rate = 0.000975886 (at node 2)
Average accepted packet rate = 0.00147076
Maximum accepted packet rate = 0.00294151 (at node 0)
Minimum injected flit rate = 0.00294149 (at node 2)
Average injected flit rate = 0.00441227
Maximum injected flit rate = 0.00878323 (at node 0)
Minimum accepted flit rate = 0.00291383 (at node 2)
Average accepted flit rate = 0.00441227
Maximum accepted flit rate = 0.00886586 (at node 0)
Average injected packet length = 3
Average accepted packet length = 3
Total in-flight flits = 0 (0 measured)
latency change    = 2.19362e-05
throughput change = 0.00290452

Phase 36 time 36000001
Class 0:
Minimum packet latency = 8
Average packet latency = 11.0027
Maximum packet latency = 19
Minimum network latency = 8
Average network latency = 11.0027
Maximum network latency = 19
Slowest packet = 29
Minimum flit latency = 8
Average flit latency = 9.00288
Maximum flit latency = 15
Slowest flit = 86
Minimum fragmentation = 0
Average fragmentation = 9.43922e-05
Maximum fragmentation = 5
Minimum injected packet rate = 0.000975889 (at node 2)
Average injected packet rate = 0.0014714
Maximum injected packet rate = 0.00294281 (at node 0)
Minimum accepted packet rate = 0.000975889 (at node 2)
Average accepted packet rate = 0.0014714
Maximum accepted packet rate = 0.00294281 (at node 0)
Minimum injected flit rate = 0.00294111 (at node 2)
Average injected flit rate = 0.00441421
Maximum injected flit rate = 0.00878825 (at node 0)
Minimum accepted flit rate = 0.00291422 (at node 2)
Average accepted flit rate = 0.00441421
Maximum accepted flit rate = 0.00886858 (at node 0)
Average injected packet length = 3
Average accepted packet length = 3
Total in-flight flits = 0 (0 measured)
latency change    = 1.46196e-05
throughput change = 0.000438789

Phase 37 time 37000001
Class 0:
Minimum packet latency = 8
Average packet latency = 11.003
Maximum packet latency = 19
Minimum network latency = 8
Average network latency = 11.003
Maximum network latency = 19
Slowest packet = 29
Minimum flit latency = 8
Average flit latency = 9.00318
Maximum flit latency = 15
Slowest flit = 86
Minimum fragmentation = 0
Average fragmentation = 9.17625e-05
Maximum fragmentation = 5
Minimum injected packet rate = 0.000976 (at node 2)
Average injected packet rate = 0.00147266
Maximum injected packet rate = 0.00294532 (at node 0)
Minimum accepted packet rate = 0.000976 (at node 2)
Average accepted packet rate = 0.00147266
Maximum accepted packet rate = 0.00294532 (at node 0)
Minimum injected flit rate = 0.00294108 (at node 2)
Average injected flit rate = 0.00441799
Maximum injected flit rate = 0.00879689 (at node 0)
Minimum accepted flit rate = 0.00291492 (at node 2)
Average accepted flit rate = 0.00441799
Maximum accepted flit rate = 0.00887505 (at node 0)
Average injected packet length = 3
Average accepted packet length = 3
Total in-flight flits = 0 (0 measured)
latency change    = 2.82994e-05
throughput change = 0.000855176

Phase 38 time 38000001
Class 0:
Minimum packet latency = 8
Average packet latency = 11.003
Maximum packet latency = 19
Minimum network latency = 8
Average network latency = 11.003
Maximum network latency = 19
Slowest packet = 29
Minimum flit latency = 8
Average flit latency = 9.00325
Maximum flit latency = 15
Slowest flit = 86
Minimum fragmentation = 0
Average fragmentation = 8.91417e-05
Maximum fragmentation = 5
Minimum injected packet rate = 0.000978105 (at node 2)
Average injected packet rate = 0.00147607
Maximum injected packet rate = 0.00295213 (at node 0)
Minimum accepted packet rate = 0.000978105 (at node 2)
Average accepted packet rate = 0.00147607
Maximum accepted packet rate = 0.00295213 (at node 0)
Minimum injected flit rate = 0.00294705 (at node 2)
Average injected flit rate = 0.0044282
Maximum injected flit rate = 0.00881834 (at node 0)
Minimum accepted flit rate = 0.00292158 (at node 2)
Average accepted flit rate = 0.0044282
Maximum accepted flit rate = 0.00889445 (at node 0)
Average injected packet length = 3
Average accepted packet length = 3
Total in-flight flits = 0 (0 measured)
latency change    = 6.8773e-06
throughput change = 0.00230588

Phase 39 time 39000001
Class 0:
Minimum packet latency = 8
Average packet latency = 11.0028
Maximum packet latency = 19
Minimum network latency = 8
Average network latency = 11.0028
Maximum network latency = 19
Slowest packet = 29
Minimum flit latency = 8
Average flit latency = 9.00304
Maximum flit latency = 15
Slowest flit = 86
Minimum fragmentation = 0
Average fragmentation = 8.66423e-05
Maximum fragmentation = 5
Minimum injected packet rate = 0.000980974 (at node 2)
Average injected packet rate = 0.00147971
Maximum injected packet rate = 0.00295941 (at node 0)
Minimum accepted packet rate = 0.000980974 (at node 2)
Average accepted packet rate = 0.00147971
Maximum accepted packet rate = 0.00295941 (at node 0)
Minimum injected flit rate = 0.00295533 (at node 2)
Average injected flit rate = 0.00443912
Maximum injected flit rate = 0.00884115 (at node 0)
Minimum accepted flit rate = 0.00293051 (at node 2)
Average accepted flit rate = 0.00443912
Maximum accepted flit rate = 0.00891531 (at node 0)
Average injected packet length = 3
Average accepted packet length = 3
Total in-flight flits = 0 (0 measured)
latency change    = 1.87816e-05
throughput change = 0.0024595

Phase 40 time 40000001
Class 0:
Minimum packet latency = 8
Average packet latency = 11.0028
Maximum packet latency = 19
Minimum network latency = 8
Average network latency = 11.0028
Maximum network latency = 19
Slowest packet = 29
Minimum flit latency = 8
Average flit latency = 9.00301
Maximum flit latency = 15
Slowest flit = 86
Minimum fragmentation = 0
Average fragmentation = 8.42978e-05
Maximum fragmentation = 5
Minimum injected packet rate = 0.0009829 (at node 2)
Average injected packet rate = 0.00148284
Maximum injected packet rate = 0.00296567 (at node 0)
Minimum accepted packet rate = 0.0009829 (at node 2)
Average accepted packet rate = 0.00148284
Maximum accepted packet rate = 0.00296567 (at node 0)
Minimum injected flit rate = 0.0029608 (at node 2)
Average injected flit rate = 0.00444851
Maximum injected flit rate = 0.00886087 (at node 0)
Minimum accepted flit rate = 0.0029366 (at node 2)
Average accepted flit rate = 0.00444851
Maximum accepted flit rate = 0.00893317 (at node 0)
Average injected packet length = 3
Average accepted packet length = 3
Total in-flight flits = 0 (0 measured)
latency change    = 1.99849e-06
throughput change = 0.00211242

Phase 41 time 41000001
Class 0:
Minimum packet latency = 8
Average packet latency = 11.0034
Maximum packet latency = 19
Minimum network latency = 8
Average network latency = 11.0034
Maximum network latency = 19
Slowest packet = 29
Minimum flit latency = 8
Average flit latency = 9.00362
Maximum flit latency = 15
Slowest flit = 86
Minimum fragmentation = 0
Average fragmentation = 8.23554e-05
Maximum fragmentation = 5
Minimum injected packet rate = 0.000980341 (at node 2)
Average injected packet rate = 0.00148079
Maximum injected packet rate = 0.00296159 (at node 0)
Minimum accepted packet rate = 0.000980341 (at node 2)
Average accepted packet rate = 0.00148079
Maximum accepted packet rate = 0.00296159 (at node 0)
Minimum injected flit rate = 0.00295283 (at node 2)
Average injected flit rate = 0.00444238
Maximum injected flit rate = 0.00884949 (at node 0)
Minimum accepted flit rate = 0.00292922 (at node 2)
Average accepted flit rate = 0.00444238
Maximum accepted flit rate = 0.00892002 (at node 0)
Average injected packet length = 3
Average accepted packet length = 3
Total in-flight flits = 0 (0 measured)
latency change    = 5.54768e-05
throughput change = 0.00138089

Phase 42 time 42000001
Class 0:
Minimum packet latency = 8
Average packet latency = 11.0041
Maximum packet latency = 19
Minimum network latency = 8
Average network latency = 11.0041
Maximum network latency = 19
Slowest packet = 29
Minimum flit latency = 8
Average flit latency = 9.00428
Maximum flit latency = 15
Slowest flit = 86
Minimum fragmentation = 0
Average fragmentation = 8.02871e-05
Maximum fragmentation = 5
Minimum injected packet rate = 0.000980762 (at node 2)
Average injected packet rate = 0.00148277
Maximum injected packet rate = 0.00296555 (at node 0)
Minimum accepted packet rate = 0.000980762 (at node 2)
Average accepted packet rate = 0.00148277
Maximum accepted packet rate = 0.00296555 (at node 0)
Minimum injected flit rate = 0.00295381 (at node 2)
Average injected flit rate = 0.00444832
Maximum injected flit rate = 0.00886221 (at node 0)
Minimum accepted flit rate = 0.00293076 (at node 2)
Average accepted flit rate = 0.00444832
Maximum accepted flit rate = 0.00893107 (at node 0)
Average injected packet length = 3
Average accepted packet length = 3
Total in-flight flits = 0 (0 measured)
latency change    = 6.07646e-05
throughput change = 0.0013361

Phase 43 time 43000001
Class 0:
Minimum packet latency = 8
Average packet latency = 11.0046
Maximum packet latency = 19
Minimum network latency = 8
Average network latency = 11.0046
Maximum network latency = 19
Slowest packet = 29
Minimum flit latency = 8
Average flit latency = 9.0048
Maximum flit latency = 15
Slowest flit = 86
Minimum fragmentation = 0
Average fragmentation = 7.82932e-05
Maximum fragmentation = 5
Minimum injected packet rate = 0.000981721 (at node 2)
Average injected packet rate = 0.00148517
Maximum injected packet rate = 0.00297035 (at node 0)
Minimum accepted packet rate = 0.000981721 (at node 2)
Average accepted packet rate = 0.00148517
Maximum accepted packet rate = 0.00297035 (at node 0)
Minimum injected flit rate = 0.00295642 (at node 2)
Average injected flit rate = 0.00445552
Maximum injected flit rate = 0.00887742 (at node 0)
Minimum accepted flit rate = 0.00293391 (at node 2)
Average accepted flit rate = 0.00445552
Maximum accepted flit rate = 0.00894467 (at node 0)
Average injected packet length = 3
Average accepted packet length = 3
Total in-flight flits = 0 (0 measured)
latency change    = 4.76761e-05
throughput change = 0.00161638

Phase 44 time 44000001
Class 0:
Minimum packet latency = 8
Average packet latency = 11.0051
Maximum packet latency = 19
Minimum network latency = 8
Average network latency = 11.0051
Maximum network latency = 19
Slowest packet = 29
Minimum flit latency = 8
Average flit latency = 9.00526
Maximum flit latency = 15
Slowest flit = 86
Minimum fragmentation = 0
Average fragmentation = 7.66304e-05
Maximum fragmentation = 5
Minimum injected packet rate = 0.000979318 (at node 2)
Average injected packet rate = 0.00148291
Maximum injected packet rate = 0.00296584 (at node 0)
Minimum accepted packet rate = 0.000979318 (at node 2)
Average accepted packet rate = 0.00148291
Maximum accepted packet rate = 0.00296582 (at node 0)
Minimum injected flit rate = 0.00294895 (at node 2)
Average injected flit rate = 0.00444873
Maximum injected flit rate = 0.00886466 (at node 0)
Minimum accepted flit rate = 0.00292695 (at node 2)
Average accepted flit rate = 0.00444873
Maximum accepted flit rate = 0.00893027 (at node 0)
Average injected packet length = 2.99999
Average accepted packet length = 2.99999
Total in-flight flits = 0 (0 measured)
latency change    = 4.12204e-05
throughput change = 0.00152634

Phase 45 time 45000001
Class 0:
Minimum packet latency = 8
Average packet latency = 11.0067
Maximum packet latency = 19
Minimum network latency = 8
Average network latency = 11.0067
Maximum network latency = 19
Slowest packet = 29
Minimum flit latency = 8
Average flit latency = 9.00684
Maximum flit latency = 15
Slowest flit = 86
Minimum fragmentation = 0
Average fragmentation = 7.48744e-05
Maximum fragmentation = 5
Minimum injected packet rate = 0.000977378 (at node 2)
Average injected packet rate = 0.00148397
Maximum injected packet rate = 0.00296793 (at node 0)
Minimum accepted packet rate = 0.000977378 (at node 2)
Average accepted packet rate = 0.00148397
Maximum accepted packet rate = 0.00296793 (at node 0)
Minimum injected flit rate = 0.00294289 (at node 2)
Average injected flit rate = 0.0044519
Maximum injected flit rate = 0.00887167 (at node 0)
Minimum accepted flit rate = 0.00292138 (at node 2)
Average accepted flit rate = 0.0044519
Maximum accepted flit rate = 0.00893593 (at node 0)
Average injected packet length = 3
Average accepted packet length = 3
Total in-flight flits = 0 (0 measured)
latency change    = 0.000144879
throughput change = 0.000711392

Phase 46 time 46000001
Class 0:
Minimum packet latency = 8
Average packet latency = 11.0079
Maximum packet latency = 19
Minimum network latency = 8
Average network latency = 11.0079
Maximum network latency = 19
Slowest packet = 29
Minimum flit latency = 8
Average flit latency = 9.00809
Maximum flit latency = 15
Slowest flit = 86
Minimum fragmentation = 0
Average fragmentation = 7.32102e-05
Maximum fragmentation = 5
Minimum injected packet rate = 0.000975783 (at node 2)
Average injected packet rate = 0.00148471
Maximum injected packet rate = 0.00296941 (at node 0)
Minimum accepted packet rate = 0.000975783 (at node 2)
Average accepted packet rate = 0.00148471
Maximum accepted packet rate = 0.00296941 (at node 0)
Minimum injected flit rate = 0.00293787 (at node 2)
Average injected flit rate = 0.00445412
Maximum injected flit rate = 0.0088768 (at node 0)
Minimum accepted flit rate = 0.00291683 (at node 2)
Average accepted flit rate = 0.00445412
Maximum accepted flit rate = 0.00893967 (at node 0)
Average injected packet length = 3
Average accepted packet length = 3
Total in-flight flits = 0 (0 measured)
latency change    = 0.00011423
throughput change = 0.000498318

Phase 47 time 47000001
Class 0:
Minimum packet latency = 8
Average packet latency = 11.0089
Maximum packet latency = 19
Minimum network latency = 8
Average network latency = 11.0089
Maximum network latency = 19
Slowest packet = 29
Minimum flit latency = 8
Average flit latency = 9.00907
Maximum flit latency = 15
Slowest flit = 86
Minimum fragmentation = 0
Average fragmentation = 7.17829e-05
Maximum fragmentation = 5
Minimum injected packet rate = 0.000972085 (at node 2)
Average injected packet rate = 0.00148201
Maximum injected packet rate = 0.00296402 (at node 0)
Minimum accepted packet rate = 0.000972085 (at node 2)
Average accepted packet rate = 0.00148201
Maximum accepted packet rate = 0.00296402 (at node 0)
Minimum injected flit rate = 0.00292655 (at node 2)
Average injected flit rate = 0.00444603
Maximum injected flit rate = 0.0088613 (at node 0)
Minimum accepted flit rate = 0.00290596 (at node 2)
Average accepted flit rate = 0.00444603
Maximum accepted flit rate = 0.00892283 (at node 0)
Average injected packet length = 3
Average accepted packet length = 3
Total in-flight flits = 0 (0 measured)
latency change    = 8.93141e-05
throughput change = 0.00181907

Phase 48 time 48000001
Class 0:
Minimum packet latency = 8
Average packet latency = 11.0112
Maximum packet latency = 19
Minimum network latency = 8
Average network latency = 11.0112
Maximum network latency = 19
Slowest packet = 29
Minimum flit latency = 8
Average flit latency = 9.01139
Maximum flit latency = 15
Slowest flit = 86
Minimum fragmentation = 0
Average fragmentation = 7.03151e-05
Maximum fragmentation = 5
Minimum injected packet rate = 0.000967417 (at node 2)
Average injected packet rate = 0.00148143
Maximum injected packet rate = 0.00296285 (at node 0)
Minimum accepted packet rate = 0.000967417 (at node 2)
Average accepted packet rate = 0.00148143
Maximum accepted packet rate = 0.00296285 (at node 0)
Minimum injected flit rate = 0.00291233 (at node 2)
Average injected flit rate = 0.00444428
Maximum injected flit rate = 0.00885844 (at node 0)
Minimum accepted flit rate = 0.00289217 (at node 2)
Average accepted flit rate = 0.00444428
Maximum accepted flit rate = 0.00891869 (at node 0)
Average injected packet length = 3
Average accepted packet length = 3
Total in-flight flits = 0 (0 measured)
latency change    = 0.000210791
throughput change = 0.000393914

Phase 49 time 49000001
Class 0:
Minimum packet latency = 8
Average packet latency = 11.0126
Maximum packet latency = 19
Minimum network latency = 8
Average network latency = 11.0126
Maximum network latency = 19
Slowest packet = 29
Minimum flit latency = 8
Average flit latency = 9.01273
Maximum flit latency = 15
Slowest flit = 86
Minimum fragmentation = 0
Average fragmentation = 6.89669e-05
Maximum fragmentation = 5
Minimum injected packet rate = 0.000963633 (at node 2)
Average injected packet rate = 0.00147956
Maximum injected packet rate = 0.00295912 (at node 0)
Minimum accepted packet rate = 0.000963633 (at node 2)
Average accepted packet rate = 0.00147956
Maximum accepted packet rate = 0.00295912 (at node 0)
Minimum injected flit rate = 0.00290078 (at node 2)
Average injected flit rate = 0.00443868
Maximum injected flit rate = 0.00884786 (at node 0)
Minimum accepted flit rate = 0.00288102 (at node 2)
Average accepted flit rate = 0.00443868
Maximum accepted flit rate = 0.00890688 (at node 0)
Average injected packet length = 3
Average accepted packet length = 3
Total in-flight flits = 0 (0 measured)
latency change    = 0.000122297
throughput change = 0.00126109

Phase 50 time 50000001
Class 0:
Minimum packet latency = 8
Average packet latency = 11.0152
Maximum packet latency = 19
Minimum network latency = 8
Average network latency = 11.0152
Maximum network latency = 19
Slowest packet = 29
Minimum flit latency = 8
Average flit latency = 9.01538
Maximum flit latency = 15
Slowest flit = 86
Minimum fragmentation = 0
Average fragmentation = 6.77172e-05
Maximum fragmentation = 5
Minimum injected packet rate = 0.00095668 (at node 2)
Average injected packet rate = 0.00147673
Maximum injected packet rate = 0.00295346 (at node 0)
Minimum accepted packet rate = 0.00095668 (at node 2)
Average accepted packet rate = 0.00147673
Maximum accepted packet rate = 0.00295346 (at node 0)
Minimum injected flit rate = 0.00287972 (at node 2)
Average injected flit rate = 0.00443019
Maximum injected flit rate = 0.00883146 (at node 0)
Minimum accepted flit rate = 0.00286036 (at node 2)
Average accepted flit rate = 0.00443019
Maximum accepted flit rate = 0.0088893 (at node 0)
Average injected packet length = 3
Average accepted packet length = 3
Total in-flight flits = 0 (0 measured)
latency change    = 0.000241199
throughput change = 0.00191723

Phase 51 time 51000001
Class 0:
Minimum packet latency = 8
Average packet latency = 11.0167
Maximum packet latency = 19
Minimum network latency = 8
Average network latency = 11.0167
Maximum network latency = 19
Slowest packet = 29
Minimum flit latency = 8
Average flit latency = 9.01686
Maximum flit latency = 15
Slowest flit = 86
Minimum fragmentation = 0
Average fragmentation = 6.65429e-05
Maximum fragmentation = 5
Minimum injected packet rate = 0.000951294 (at node 2)
Average injected packet rate = 0.00147332
Maximum injected packet rate = 0.00294665 (at node 0)
Minimum accepted packet rate = 0.000951294 (at node 2)
Average accepted packet rate = 0.00147332
Maximum accepted packet rate = 0.00294665 (at node 0)
Minimum injected flit rate = 0.00286337 (at node 2)
Average injected flit rate = 0.00441997
Maximum injected flit rate = 0.00881159 (at node 0)
Minimum accepted flit rate = 0.00284439 (at node 2)
Average accepted flit rate = 0.00441997
Maximum accepted flit rate = 0.00886829 (at node 0)
Average injected packet length = 3
Average accepted packet length = 3
Total in-flight flits = 0 (0 measured)
latency change    = 0.000134577
throughput change = 0.0023121

Phase 52 time 52000001
Class 0:
Minimum packet latency = 8
Average packet latency = 11.0187
Maximum packet latency = 19
Minimum network latency = 8
Average network latency = 11.0187
Maximum network latency = 19
Slowest packet = 29
Minimum flit latency = 8
Average flit latency = 9.01887
Maximum flit latency = 15
Slowest flit = 86
Minimum fragmentation = 0
Average fragmentation = 6.53779e-05
Maximum fragmentation = 5
Minimum injected packet rate = 0.0009455 (at node 2)
Average injected packet rate = 0.00147074
Maximum injected packet rate = 0.00294148 (at node 0)
Minimum accepted packet rate = 0.0009455 (at node 2)
Average accepted packet rate = 0.00147074
Maximum accepted packet rate = 0.00294148 (at node 0)
Minimum injected flit rate = 0.00284581 (at node 2)
Average injected flit rate = 0.00441222
Maximum injected flit rate = 0.00879663 (at node 0)
Minimum accepted flit rate = 0.00282719 (at node 2)
Average accepted flit rate = 0.00441222
Maximum accepted flit rate = 0.00885225 (at node 0)
Average injected packet length = 3
Average accepted packet length = 3
Total in-flight flits = 0 (0 measured)
latency change    = 0.00018259
throughput change = 0.00175636

Phase 53 time 53000001
Class 0:
Minimum packet latency = 8
Average packet latency = 11.0196
Maximum packet latency = 19
Minimum network latency = 8
Average network latency = 11.0196
Maximum network latency = 19
Slowest packet = 29
Minimum flit latency = 8
Average flit latency = 9.01977
Maximum flit latency = 15
Slowest flit = 86
Minimum fragmentation = 0
Average fragmentation = 6.43629e-05
Maximum fragmentation = 5
Minimum injected packet rate = 0.000940226 (at node 2)
Average injected packet rate = 0.00146575
Maximum injected packet rate = 0.00293149 (at node 0)
Minimum accepted packet rate = 0.000940226 (at node 2)
Average accepted packet rate = 0.00146575
Maximum accepted packet rate = 0.00293149 (at node 0)
Minimum injected flit rate = 0.00282981 (at node 2)
Average injected flit rate = 0.00439724
Maximum injected flit rate = 0.00876719 (at node 0)
Minimum accepted flit rate = 0.00281155 (at node 2)
Average accepted flit rate = 0.00439724
Maximum accepted flit rate = 0.00882175 (at node 0)
Average injected packet length = 3
Average accepted packet length = 3
Total in-flight flits = 0 (0 measured)
latency change    = 8.25469e-05
throughput change = 0.00340789

Phase 54 time 54000001
Class 0:
Minimum packet latency = 8
Average packet latency = 11.0195
Maximum packet latency = 19
Minimum network latency = 8
Average network latency = 11.0195
Maximum network latency = 19
Slowest packet = 29
Minimum flit latency = 8
Average flit latency = 9.0196
Maximum flit latency = 15
Slowest flit = 86
Minimum fragmentation = 0
Average fragmentation = 6.37223e-05
Maximum fragmentation = 5
Minimum injected packet rate = 0.000932259 (at node 2)
Average injected packet rate = 0.00145306
Maximum injected packet rate = 0.00290613 (at node 0)
Minimum accepted packet rate = 0.000932259 (at node 2)
Average accepted packet rate = 0.00145306
Maximum accepted packet rate = 0.00290613 (at node 0)
Minimum injected flit rate = 0.00280574 (at node 2)
Average injected flit rate = 0.00435919
Maximum injected flit rate = 0.00869161 (at node 0)
Minimum accepted flit rate = 0.00278781 (at node 2)
Average accepted flit rate = 0.00435919
Maximum accepted flit rate = 0.00874517 (at node 0)
Average injected packet length = 3
Average accepted packet length = 3
Total in-flight flits = 0 (0 measured)
latency change    = 1.4846e-05
throughput change = 0.0087267

Phase 55 time 54240493
Class 0:
Minimum packet latency = 8
Average packet latency = 11.0194
Maximum packet latency = 19
Minimum network latency = 8
Average network latency = 11.0194
Maximum network latency = 19
Slowest packet = 29
Minimum flit latency = 8
Average flit latency = 9.01957
Maximum flit latency = 15
Slowest flit = 86
Minimum fragmentation = 0
Average fragmentation = 7.94604e-05
Maximum fragmentation = 5
Minimum injected packet rate = 0.00093067 (at node 2)
Average injected packet rate = 0.00145013
Maximum injected packet rate = 0.00290025 (at node 0)
Minimum accepted packet rate = 0.00093067 (at node 2)
Average accepted packet rate = 0.00145013
Maximum accepted packet rate = 0.00290025 (at node 0)
Minimum injected flit rate = 0.0028013 (at node 2)
Average injected flit rate = 0.00435038
Maximum injected flit rate = 0.00867284 (at node 0)
Minimum accepted flit rate = 0.00278272 (at node 2)
Average accepted flit rate = 0.00435038
Maximum accepted flit rate = 0.00872866 (at node 0)
Average injected packet length = 3
Average accepted packet length = 3
Total in-flight flits = 0 (0 measured)
latency change    = 3.69196e-06
throughput change = 0.0020272

Draining remaining packets ...
Time 54240493
Total phase 56
Time taken is 54240493 cycles
====== Traffic class 0 ======
Overall minimum packet latency = 8 (1 samples)
Overall average packet latency = 11.0194 (1 samples)
Overall maximum packet latency = 19 (1 samples)
Overall minimum network latency = 8 (1 samples)
Overall average network latency = 11.0194 (1 samples)
Overall maximum network latency = 19 (1 samples)
Overall minimum flit latency = 8 (1 samples)
Overall average flit latency = 9.01957 (1 samples)
Overall maximum flit latency = 15 (1 samples)
Overall minimum fragmentation = 0 (1 samples)
Overall average fragmentation = 7.94604e-05 (1 samples)
Overall maximum fragmentation = 5 (1 samples)
Overall minimum injected packet rate = 0.00093067 (1 samples)
Overall average injected packet rate = 0.00145013 (1 samples)
Overall maximum injected packet rate = 0.00290025 (1 samples)
Overall minimum accepted packet rate = 0.00093067 (1 samples)
Overall average accepted packet rate = 0.00145013 (1 samples)
Overall maximum accepted packet rate = 0.00290025 (1 samples)
Overall minimum injected flit rate = 0.0028013 (1 samples)
Overall average injected flit rate = 0.00435038 (1 samples)
Overall maximum injected flit rate = 0.00867284 (1 samples)
Overall minimum accepted flit rate = 0.00278272 (1 samples)
Overall average accepted flit rate = 0.00435038 (1 samples)
Overall maximum accepted flit rate = 0.00872866 (1 samples)
Overall average injected packet size = 3 (1 samples)
Overall average accepted packet size = 3 (1 samples)
Overall average hops = 2.33969 (1 samples)
BookSim: Total_run_time 125.636
